2025-03-20 22:48:51,666 - root - INFO - アプリケーション起動
2025-03-20 22:49:18,984 - root - INFO - アプリケーション起動
2025-03-20 22:49:22,234 - root - INFO - アプリケーション起動
2025-03-20 22:50:57,733 - root - INFO - アプリケーション起動
2025-03-20 22:52:17,616 - root - INFO - アプリケーション起動
2025-03-20 22:52:17,746 - src.recognition.symbol_recognizer - INFO - テンプレートディレクトリから図柄を読み込み中: ../data/templates
2025-03-20 22:52:17,746 - src.recognition.symbol_recognizer - WARNING - テンプレートインデックスファイルが見つかりません: ../data/templates\index.json
2025-03-20 22:53:08,850 - root - INFO - アプリケーション起動
2025-03-20 22:53:08,960 - src.recognition.symbol_recognizer - INFO - テンプレートディレクトリから図柄を読み込み中: ../data/templates
2025-03-20 22:53:08,960 - src.recognition.symbol_recognizer - WARNING - テンプレートインデックスファイルが見つかりません: ../data/templates\index.json
2025-03-20 23:27:55,350 - root - INFO - アプリケーション起動
2025-03-20 23:30:27,047 - root - INFO - アプリケーション起動
2025-03-20 23:30:48,740 - root - INFO - アプリケーション起動
2025-03-20 23:30:49,763 - src.recognition.symbol_recognizer - INFO - テンプレートディレクトリから図柄を読み込み中: ../data/templates
2025-03-20 23:30:49,763 - src.recognition.symbol_recognizer - WARNING - テンプレートインデックスファイルが見つかりません: ../data/templates\index.json
2025-03-20 23:30:49,763 - src.recognition.symbol_recognizer - INFO - テンプレートディレクトリから図柄を読み込み中: ../data/templates
2025-03-20 23:30:49,764 - src.recognition.symbol_recognizer - WARNING - テンプレートインデックスファイルが見つかりません: ../data/templates\index.json
2025-03-20 23:30:49,764 - src.recognition.symbol_recognizer - INFO - テンプレートディレクトリから図柄を読み込み中: ../data/templates
2025-03-20 23:30:49,764 - src.recognition.symbol_recognizer - WARNING - テンプレートインデックスファイルが見つかりません: ../data/templates\index.json
2025-03-20 23:30:49,764 - src.recognition.ml_symbol_recognizer - WARNING - 学習済みモデルが見つかりません: ../data/models\symbol_classifier.joblib
2025-03-20 23:30:49,764 - src.recognition.symbol_recognizer - INFO - テンプレートディレクトリから図柄を読み込み中: ../data/templates
2025-03-20 23:30:49,765 - src.recognition.symbol_recognizer - WARNING - テンプレートインデックスファイルが見つかりません: ../data/templates\index.json
2025-03-20 23:36:57,368 - root - INFO - アプリケーション起動
2025-03-20 23:36:57,966 - src.recognition.symbol_recognizer - INFO - テンプレートディレクトリから図柄を読み込み中: ../data/templates
2025-03-20 23:36:57,967 - src.recognition.symbol_recognizer - WARNING - テンプレートインデックスファイルが見つかりません: ../data/templates\index.json
2025-03-20 23:36:57,967 - src.recognition.symbol_recognizer - INFO - テンプレートディレクトリから図柄を読み込み中: ../data/templates
2025-03-20 23:36:57,967 - src.recognition.symbol_recognizer - WARNING - テンプレートインデックスファイルが見つかりません: ../data/templates\index.json
2025-03-20 23:36:57,967 - src.recognition.symbol_recognizer - INFO - テンプレートディレクトリから図柄を読み込み中: ../data/templates
2025-03-20 23:36:57,967 - src.recognition.symbol_recognizer - WARNING - テンプレートインデックスファイルが見つかりません: ../data/templates\index.json
2025-03-20 23:36:57,968 - src.recognition.ml_symbol_recognizer - WARNING - 学習済みモデルが見つかりません: ../data/models\symbol_classifier.joblib
2025-03-20 23:36:57,968 - root - INFO - ハイブリッド図柄認識器を初期化しました
2025-03-20 23:37:47,425 - root - INFO - アプリケーション起動
2025-03-20 23:37:48,023 - src.recognition.symbol_recognizer - INFO - テンプレートディレクトリから図柄を読み込み中: ../data/templates
2025-03-20 23:37:48,023 - src.recognition.symbol_recognizer - WARNING - テンプレートインデックスファイルが見つかりません: ../data/templates\index.json
2025-03-20 23:37:48,023 - src.recognition.symbol_recognizer - INFO - テンプレートディレクトリから図柄を読み込み中: ../data/templates
2025-03-20 23:37:48,024 - src.recognition.symbol_recognizer - WARNING - テンプレートインデックスファイルが見つかりません: ../data/templates\index.json
2025-03-20 23:37:48,024 - src.recognition.symbol_recognizer - INFO - テンプレートディレクトリから図柄を読み込み中: ../data/templates
2025-03-20 23:37:48,024 - src.recognition.symbol_recognizer - WARNING - テンプレートインデックスファイルが見つかりません: ../data/templates\index.json
2025-03-20 23:37:48,024 - src.recognition.ml_symbol_recognizer - WARNING - 学習済みモデルが見つかりません: ../data/models\symbol_classifier.joblib
2025-03-20 23:37:48,025 - root - INFO - ハイブリッド図柄認識器を初期化しました
2025-03-20 23:39:58,359 - root - INFO - アプリケーション起動
2025-03-20 23:39:58,930 - src.recognition.symbol_recognizer - INFO - テンプレートディレクトリから図柄を読み込み中: ../data/templates
2025-03-20 23:39:58,931 - src.recognition.symbol_recognizer - WARNING - テンプレートインデックスファイルが見つかりません: ../data/templates\index.json
2025-03-20 23:39:58,931 - src.recognition.symbol_recognizer - INFO - テンプレートディレクトリから図柄を読み込み中: ../data/templates
2025-03-20 23:39:58,931 - src.recognition.symbol_recognizer - WARNING - テンプレートインデックスファイルが見つかりません: ../data/templates\index.json
2025-03-20 23:39:58,931 - src.recognition.symbol_recognizer - INFO - テンプレートディレクトリから図柄を読み込み中: ../data/templates
2025-03-20 23:39:58,932 - src.recognition.symbol_recognizer - WARNING - テンプレートインデックスファイルが見つかりません: ../data/templates\index.json
2025-03-20 23:39:58,932 - src.recognition.ml_symbol_recognizer - WARNING - 学習済みモデルが見つかりません: ../data/models\symbol_classifier.joblib
2025-03-20 23:39:58,932 - root - INFO - ハイブリッド図柄認識器を初期化しました
